<?xml version="1.0" encoding="UTF-8"?>
<testsuite xmlns:xsi="http://www.w3.org/2001/XMLSchema-instance" xsi:noNamespaceSchemaLocation="https://maven.apache.org/surefire/maven-failsafe-plugin/xsd/failsafe-test-report.xsd" name="proj.concert.service.ConcertSubscriptionIT" time="11.853" tests="5" errors="0" skipped="0" failures="0">
  <properties>
    <property name="java.specification.version" value="17"/>
    <property name="sun.jnu.encoding" value="UTF-8"/>
    <property name="java.class.path" value="/Users/faiza/IdeaProjects/project-projectteam-gfl/concert-service/target/test-classes:/Users/faiza/IdeaProjects/project-projectteam-gfl/concert-service/target/classes:/Users/faiza/IdeaProjects/project-projectteam-gfl/concert-common/target/concert-common-1.0.jar:/Users/faiza/.m2/repository/org/jboss/resteasy/resteasy-jaxrs/3.13.0.Final/resteasy-jaxrs-3.13.0.Final.jar:/Users/faiza/.m2/repository/org/jboss/spec/javax/ws/rs/jboss-jaxrs-api_2.1_spec/2.0.1.Final/jboss-jaxrs-api_2.1_spec-2.0.1.Final.jar:/Users/faiza/.m2/repository/org/jboss/spec/javax/xml/bind/jboss-jaxb-api_2.3_spec/2.0.0.Final/jboss-jaxb-api_2.3_spec-2.0.0.Final.jar:/Users/faiza/.m2/repository/org/reactivestreams/reactive-streams/1.0.3/reactive-streams-1.0.3.jar:/Users/faiza/.m2/repository/jakarta/validation/jakarta.validation-api/2.0.2/jakarta.validation-api-2.0.2.jar:/Users/faiza/.m2/repository/org/jboss/spec/javax/annotation/jboss-annotations-api_1.3_spec/2.0.1.Final/jboss-annotations-api_1.3_spec-2.0.1.Final.jar:/Users/faiza/.m2/repository/com/sun/activation/jakarta.activation/1.2.1/jakarta.activation-1.2.1.jar:/Users/faiza/.m2/repository/org/apache/httpcomponents/httpclient/4.5.10/httpclient-4.5.10.jar:/Users/faiza/.m2/repository/org/apache/httpcomponents/httpcore/4.4.12/httpcore-4.4.12.jar:/Users/faiza/.m2/repository/commons-logging/commons-logging/1.2/commons-logging-1.2.jar:/Users/faiza/.m2/repository/commons-io/commons-io/2.5/commons-io-2.5.jar:/Users/faiza/.m2/repository/com/github/stephenc/jcip/jcip-annotations/1.0-1/jcip-annotations-1.0-1.jar:/Users/faiza/.m2/repository/org/jboss/logging/jboss-logging/3.3.2.Final/jboss-logging-3.3.2.Final.jar:/Users/faiza/.m2/repository/org/jboss/resteasy/resteasy-servlet-initializer/3.13.0.Final/resteasy-servlet-initializer-3.13.0.Final.jar:/Users/faiza/.m2/repository/org/jboss/resteasy/resteasy-client/3.13.0.Final/resteasy-client-3.13.0.Final.jar:/Users/faiza/.m2/repository/commons-codec/commons-codec/1.13/commons-codec-1.13.jar:/Users/faiza/.m2/repository/org/jboss/resteasy/resteasy-jackson2-provider/3.13.0.Final/resteasy-jackson2-provider-3.13.0.Final.jar:/Users/faiza/.m2/repository/com/fasterxml/jackson/core/jackson-core/2.10.4/jackson-core-2.10.4.jar:/Users/faiza/.m2/repository/com/fasterxml/jackson/core/jackson-databind/2.10.4/jackson-databind-2.10.4.jar:/Users/faiza/.m2/repository/com/fasterxml/jackson/core/jackson-annotations/2.10.4/jackson-annotations-2.10.4.jar:/Users/faiza/.m2/repository/com/fasterxml/jackson/jaxrs/jackson-jaxrs-json-provider/2.10.4/jackson-jaxrs-json-provider-2.10.4.jar:/Users/faiza/.m2/repository/com/fasterxml/jackson/jaxrs/jackson-jaxrs-base/2.10.4/jackson-jaxrs-base-2.10.4.jar:/Users/faiza/.m2/repository/com/fasterxml/jackson/module/jackson-module-jaxb-annotations/2.10.4/jackson-module-jaxb-annotations-2.10.4.jar:/Users/faiza/.m2/repository/jakarta/activation/jakarta.activation-api/1.2.1/jakarta.activation-api-1.2.1.jar:/Users/faiza/.m2/repository/com/github/fge/json-patch/1.9/json-patch-1.9.jar:/Users/faiza/.m2/repository/com/github/fge/jackson-coreutils/1.6/jackson-coreutils-1.6.jar:/Users/faiza/.m2/repository/com/github/fge/msg-simple/1.1/msg-simple-1.1.jar:/Users/faiza/.m2/repository/com/github/fge/btf/1.2/btf-1.2.jar:/Users/faiza/.m2/repository/com/google/guava/guava/28.1-jre/guava-28.1-jre.jar:/Users/faiza/.m2/repository/com/google/guava/failureaccess/1.0.1/failureaccess-1.0.1.jar:/Users/faiza/.m2/repository/com/google/guava/listenablefuture/9999.0-empty-to-avoid-conflict-with-guava/listenablefuture-9999.0-empty-to-avoid-conflict-with-guava.jar:/Users/faiza/.m2/repository/org/checkerframework/checker-qual/2.8.1/checker-qual-2.8.1.jar:/Users/faiza/.m2/repository/com/h2database/h2/1.4.200/h2-1.4.200.jar:/Users/faiza/.m2/repository/junit/junit/4.12/junit-4.12.jar:/Users/faiza/.m2/repository/org/hamcrest/hamcrest-core/1.3/hamcrest-core-1.3.jar:/Users/faiza/.m2/repository/org/slf4j/slf4j-api/1.7.25/slf4j-api-1.7.25.jar:/Users/faiza/.m2/repository/org/slf4j/slf4j-log4j12/1.7.25/slf4j-log4j12-1.7.25.jar:/Users/faiza/.m2/repository/ch/qos/reload4j/reload4j/1.2.18.0/reload4j-1.2.18.0.jar:/Users/faiza/.m2/repository/org/apache/commons/commons-lang3/3.10/commons-lang3-3.10.jar:/Users/faiza/.m2/repository/org/hibernate/hibernate-entitymanager/5.4.20.Final/hibernate-entitymanager-5.4.20.Final.jar:/Users/faiza/.m2/repository/org/hibernate/hibernate-core/5.4.20.Final/hibernate-core-5.4.20.Final.jar:/Users/faiza/.m2/repository/org/javassist/javassist/3.24.0-GA/javassist-3.24.0-GA.jar:/Users/faiza/.m2/repository/antlr/antlr/2.7.7/antlr-2.7.7.jar:/Users/faiza/.m2/repository/org/jboss/jandex/2.1.3.Final/jandex-2.1.3.Final.jar:/Users/faiza/.m2/repository/com/fasterxml/classmate/1.5.1/classmate-1.5.1.jar:/Users/faiza/.m2/repository/javax/activation/javax.activation-api/1.2.0/javax.activation-api-1.2.0.jar:/Users/faiza/.m2/repository/javax/xml/bind/jaxb-api/2.3.1/jaxb-api-2.3.1.jar:/Users/faiza/.m2/repository/org/glassfish/jaxb/jaxb-runtime/2.3.1/jaxb-runtime-2.3.1.jar:/Users/faiza/.m2/repository/org/glassfish/jaxb/txw2/2.3.1/txw2-2.3.1.jar:/Users/faiza/.m2/repository/com/sun/istack/istack-commons-runtime/3.0.7/istack-commons-runtime-3.0.7.jar:/Users/faiza/.m2/repository/org/jvnet/staxex/stax-ex/1.8/stax-ex-1.8.jar:/Users/faiza/.m2/repository/com/sun/xml/fastinfoset/FastInfoset/1.2.15/FastInfoset-1.2.15.jar:/Users/faiza/.m2/repository/org/dom4j/dom4j/2.1.3/dom4j-2.1.3.jar:/Users/faiza/.m2/repository/org/hibernate/common/hibernate-commons-annotations/5.1.0.Final/hibernate-commons-annotations-5.1.0.Final.jar:/Users/faiza/.m2/repository/javax/persistence/javax.persistence-api/2.2/javax.persistence-api-2.2.jar:/Users/faiza/.m2/repository/net/bytebuddy/byte-buddy/1.10.10/byte-buddy-1.10.10.jar:/Users/faiza/.m2/repository/org/jboss/spec/javax/transaction/jboss-transaction-api_1.2_spec/1.1.1.Final/jboss-transaction-api_1.2_spec-1.1.1.Final.jar:"/>
    <property name="java.vm.vendor" value="Oracle Corporation"/>
    <property name="sun.arch.data.model" value="64"/>
    <property name="java.vendor.url" value="https://java.oracle.com/"/>
    <property name="os.name" value="Mac OS X"/>
    <property name="java.vm.specification.version" value="17"/>
    <property name="sun.java.launcher" value="SUN_STANDARD"/>
    <property name="user.country" value="NZ"/>
    <property name="sun.boot.library.path" value="/Library/Java/JavaVirtualMachines/jdk-17.jdk/Contents/Home/lib"/>
    <property name="sun.java.command" value="/Users/faiza/IdeaProjects/project-projectteam-gfl/concert-service/target/surefire/surefirebooter1017742620143948923.jar /Users/faiza/IdeaProjects/project-projectteam-gfl/concert-service/target/surefire 2025-05-12T13-50-49_426-jvmRun1 surefire9367172282857263092tmp surefire_03130387764915059158tmp"/>
    <property name="http.nonProxyHosts" value="local|*.local|169.254/16|*.169.254/16"/>
    <property name="jdk.debug" value="release"/>
    <property name="surefire.test.class.path" value="/Users/faiza/IdeaProjects/project-projectteam-gfl/concert-service/target/test-classes:/Users/faiza/IdeaProjects/project-projectteam-gfl/concert-service/target/classes:/Users/faiza/IdeaProjects/project-projectteam-gfl/concert-common/target/concert-common-1.0.jar:/Users/faiza/.m2/repository/org/jboss/resteasy/resteasy-jaxrs/3.13.0.Final/resteasy-jaxrs-3.13.0.Final.jar:/Users/faiza/.m2/repository/org/jboss/spec/javax/ws/rs/jboss-jaxrs-api_2.1_spec/2.0.1.Final/jboss-jaxrs-api_2.1_spec-2.0.1.Final.jar:/Users/faiza/.m2/repository/org/jboss/spec/javax/xml/bind/jboss-jaxb-api_2.3_spec/2.0.0.Final/jboss-jaxb-api_2.3_spec-2.0.0.Final.jar:/Users/faiza/.m2/repository/org/reactivestreams/reactive-streams/1.0.3/reactive-streams-1.0.3.jar:/Users/faiza/.m2/repository/jakarta/validation/jakarta.validation-api/2.0.2/jakarta.validation-api-2.0.2.jar:/Users/faiza/.m2/repository/org/jboss/spec/javax/annotation/jboss-annotations-api_1.3_spec/2.0.1.Final/jboss-annotations-api_1.3_spec-2.0.1.Final.jar:/Users/faiza/.m2/repository/com/sun/activation/jakarta.activation/1.2.1/jakarta.activation-1.2.1.jar:/Users/faiza/.m2/repository/org/apache/httpcomponents/httpclient/4.5.10/httpclient-4.5.10.jar:/Users/faiza/.m2/repository/org/apache/httpcomponents/httpcore/4.4.12/httpcore-4.4.12.jar:/Users/faiza/.m2/repository/commons-logging/commons-logging/1.2/commons-logging-1.2.jar:/Users/faiza/.m2/repository/commons-io/commons-io/2.5/commons-io-2.5.jar:/Users/faiza/.m2/repository/com/github/stephenc/jcip/jcip-annotations/1.0-1/jcip-annotations-1.0-1.jar:/Users/faiza/.m2/repository/org/jboss/logging/jboss-logging/3.3.2.Final/jboss-logging-3.3.2.Final.jar:/Users/faiza/.m2/repository/org/jboss/resteasy/resteasy-servlet-initializer/3.13.0.Final/resteasy-servlet-initializer-3.13.0.Final.jar:/Users/faiza/.m2/repository/org/jboss/resteasy/resteasy-client/3.13.0.Final/resteasy-client-3.13.0.Final.jar:/Users/faiza/.m2/repository/commons-codec/commons-codec/1.13/commons-codec-1.13.jar:/Users/faiza/.m2/repository/org/jboss/resteasy/resteasy-jackson2-provider/3.13.0.Final/resteasy-jackson2-provider-3.13.0.Final.jar:/Users/faiza/.m2/repository/com/fasterxml/jackson/core/jackson-core/2.10.4/jackson-core-2.10.4.jar:/Users/faiza/.m2/repository/com/fasterxml/jackson/core/jackson-databind/2.10.4/jackson-databind-2.10.4.jar:/Users/faiza/.m2/repository/com/fasterxml/jackson/core/jackson-annotations/2.10.4/jackson-annotations-2.10.4.jar:/Users/faiza/.m2/repository/com/fasterxml/jackson/jaxrs/jackson-jaxrs-json-provider/2.10.4/jackson-jaxrs-json-provider-2.10.4.jar:/Users/faiza/.m2/repository/com/fasterxml/jackson/jaxrs/jackson-jaxrs-base/2.10.4/jackson-jaxrs-base-2.10.4.jar:/Users/faiza/.m2/repository/com/fasterxml/jackson/module/jackson-module-jaxb-annotations/2.10.4/jackson-module-jaxb-annotations-2.10.4.jar:/Users/faiza/.m2/repository/jakarta/activation/jakarta.activation-api/1.2.1/jakarta.activation-api-1.2.1.jar:/Users/faiza/.m2/repository/com/github/fge/json-patch/1.9/json-patch-1.9.jar:/Users/faiza/.m2/repository/com/github/fge/jackson-coreutils/1.6/jackson-coreutils-1.6.jar:/Users/faiza/.m2/repository/com/github/fge/msg-simple/1.1/msg-simple-1.1.jar:/Users/faiza/.m2/repository/com/github/fge/btf/1.2/btf-1.2.jar:/Users/faiza/.m2/repository/com/google/guava/guava/28.1-jre/guava-28.1-jre.jar:/Users/faiza/.m2/repository/com/google/guava/failureaccess/1.0.1/failureaccess-1.0.1.jar:/Users/faiza/.m2/repository/com/google/guava/listenablefuture/9999.0-empty-to-avoid-conflict-with-guava/listenablefuture-9999.0-empty-to-avoid-conflict-with-guava.jar:/Users/faiza/.m2/repository/org/checkerframework/checker-qual/2.8.1/checker-qual-2.8.1.jar:/Users/faiza/.m2/repository/com/h2database/h2/1.4.200/h2-1.4.200.jar:/Users/faiza/.m2/repository/junit/junit/4.12/junit-4.12.jar:/Users/faiza/.m2/repository/org/hamcrest/hamcrest-core/1.3/hamcrest-core-1.3.jar:/Users/faiza/.m2/repository/org/slf4j/slf4j-api/1.7.25/slf4j-api-1.7.25.jar:/Users/faiza/.m2/repository/org/slf4j/slf4j-log4j12/1.7.25/slf4j-log4j12-1.7.25.jar:/Users/faiza/.m2/repository/ch/qos/reload4j/reload4j/1.2.18.0/reload4j-1.2.18.0.jar:/Users/faiza/.m2/repository/org/apache/commons/commons-lang3/3.10/commons-lang3-3.10.jar:/Users/faiza/.m2/repository/org/hibernate/hibernate-entitymanager/5.4.20.Final/hibernate-entitymanager-5.4.20.Final.jar:/Users/faiza/.m2/repository/org/hibernate/hibernate-core/5.4.20.Final/hibernate-core-5.4.20.Final.jar:/Users/faiza/.m2/repository/org/javassist/javassist/3.24.0-GA/javassist-3.24.0-GA.jar:/Users/faiza/.m2/repository/antlr/antlr/2.7.7/antlr-2.7.7.jar:/Users/faiza/.m2/repository/org/jboss/jandex/2.1.3.Final/jandex-2.1.3.Final.jar:/Users/faiza/.m2/repository/com/fasterxml/classmate/1.5.1/classmate-1.5.1.jar:/Users/faiza/.m2/repository/javax/activation/javax.activation-api/1.2.0/javax.activation-api-1.2.0.jar:/Users/faiza/.m2/repository/javax/xml/bind/jaxb-api/2.3.1/jaxb-api-2.3.1.jar:/Users/faiza/.m2/repository/org/glassfish/jaxb/jaxb-runtime/2.3.1/jaxb-runtime-2.3.1.jar:/Users/faiza/.m2/repository/org/glassfish/jaxb/txw2/2.3.1/txw2-2.3.1.jar:/Users/faiza/.m2/repository/com/sun/istack/istack-commons-runtime/3.0.7/istack-commons-runtime-3.0.7.jar:/Users/faiza/.m2/repository/org/jvnet/staxex/stax-ex/1.8/stax-ex-1.8.jar:/Users/faiza/.m2/repository/com/sun/xml/fastinfoset/FastInfoset/1.2.15/FastInfoset-1.2.15.jar:/Users/faiza/.m2/repository/org/dom4j/dom4j/2.1.3/dom4j-2.1.3.jar:/Users/faiza/.m2/repository/org/hibernate/common/hibernate-commons-annotations/5.1.0.Final/hibernate-commons-annotations-5.1.0.Final.jar:/Users/faiza/.m2/repository/javax/persistence/javax.persistence-api/2.2/javax.persistence-api-2.2.jar:/Users/faiza/.m2/repository/net/bytebuddy/byte-buddy/1.10.10/byte-buddy-1.10.10.jar:/Users/faiza/.m2/repository/org/jboss/spec/javax/transaction/jboss-transaction-api_1.2_spec/1.1.1.Final/jboss-transaction-api_1.2_spec-1.1.1.Final.jar:"/>
    <property name="sun.cpu.endian" value="little"/>
    <property name="user.home" value="/Users/faiza"/>
    <property name="user.language" value="en"/>
    <property name="java.specification.vendor" value="Oracle Corporation"/>
    <property name="java.version.date" value="2024-01-16"/>
    <property name="java.home" value="/Library/Java/JavaVirtualMachines/jdk-17.jdk/Contents/Home"/>
    <property name="file.separator" value="/"/>
    <property name="basedir" value="/Users/faiza/IdeaProjects/project-projectteam-gfl/concert-service"/>
    <property name="java.vm.compressedOopsMode" value="Zero based"/>
    <property name="line.separator" value="&#10;"/>
    <property name="java.specification.name" value="Java Platform API Specification"/>
    <property name="java.vm.specification.vendor" value="Oracle Corporation"/>
    <property name="surefire.real.class.path" value="/Users/faiza/IdeaProjects/project-projectteam-gfl/concert-service/target/surefire/surefirebooter1017742620143948923.jar"/>
    <property name="sun.management.compiler" value="HotSpot 64-Bit Tiered Compilers"/>
    <property name="ftp.nonProxyHosts" value="local|*.local|169.254/16|*.169.254/16"/>
    <property name="java.runtime.version" value="17.0.10+11-LTS-240"/>
    <property name="user.name" value="faiza"/>
    <property name="path.separator" value=":"/>
    <property name="os.version" value="14.3.1"/>
    <property name="java.runtime.name" value="Java(TM) SE Runtime Environment"/>
    <property name="file.encoding" value="UTF-8"/>
    <property name="java.vm.name" value="Java HotSpot(TM) 64-Bit Server VM"/>
    <property name="localRepository" value="/Users/faiza/.m2/repository"/>
    <property name="java.vendor.url.bug" value="https://bugreport.java.com/bugreport/"/>
    <property name="java.io.tmpdir" value="/var/folders/bx/9f1yfr_55r5bvs5y8hl2npk80000gn/T/"/>
    <property name="idea.version" value="2024.1.1"/>
    <property name="java.version" value="17.0.10"/>
    <property name="user.dir" value="/Users/faiza/IdeaProjects/project-projectteam-gfl/concert-service"/>
    <property name="os.arch" value="x86_64"/>
    <property name="java.vm.specification.name" value="Java Virtual Machine Specification"/>
    <property name="native.encoding" value="UTF-8"/>
    <property name="java.library.path" value="/Users/faiza/Library/Java/Extensions:/Library/Java/Extensions:/Network/Library/Java/Extensions:/System/Library/Java/Extensions:/usr/lib/java:."/>
    <property name="java.vm.info" value="mixed mode, sharing"/>
    <property name="java.vendor" value="Oracle Corporation"/>
    <property name="java.vm.version" value="17.0.10+11-LTS-240"/>
    <property name="sun.io.unicode.encoding" value="UnicodeBig"/>
    <property name="socksNonProxyHosts" value="local|*.local|169.254/16|*.169.254/16"/>
    <property name="java.class.version" value="61.0"/>
  </properties>
  <testcase name="testSubscriptionForDifferentConcert" classname="proj.concert.service.ConcertSubscriptionIT" time="6.024"/>
  <testcase name="testBadSubscription_NonexistentConcert" classname="proj.concert.service.ConcertSubscriptionIT" time="0.732"/>
  <testcase name="testUnauthorizedSubscription" classname="proj.concert.service.ConcertSubscriptionIT" time="0.521"/>
  <testcase name="testSubscription" classname="proj.concert.service.ConcertSubscriptionIT" time="3.814"/>
  <testcase name="testBadSubscription_NonexistentDate" classname="proj.concert.service.ConcertSubscriptionIT" time="0.698"/>
</testsuite>